<?xml version="1.0" encoding="UTF-8"?>
<!-- Generated by org.testng.reporters.JUnitReportReporter -->
<testsuite hostname="DESKTOP-MHU0B0P" failures="0" tests="2" name="seleniumtests.GroupsinGroups" time="0.019" errors="0" timestamp="2022-11-20T17:23:33 IST" skipped="0">
  <testcase classname="seleniumtests.GroupsinGroups" name="test1" time="0.017"/>
  <system-out/>
  <testcase classname="seleniumtests.GroupsinGroups" name="test2" time="0.002"/>
  <system-out/>
</testsuite> <!-- seleniumtests.GroupsinGroups -->
