<?xml version="1.0" encoding="UTF-8"?>
<!-- Generated by org.testng.reporters.JUnitReportReporter -->
<testsuite hostname="DESKTOP-MHU0B0P" failures="0" tests="2" name="seleniumtests.TestNgDemo" time="0.017" errors="0" timestamp="2022-11-19T22:50:52 IST" skipped="0">
  <testcase classname="seleniumtests.TestNgDemo" name="method3" time="0.012"/>
  <system-out/>
  <testcase classname="seleniumtests.TestNgDemo" name="method4" time="0.005"/>
  <system-out/>
</testsuite> <!-- seleniumtests.TestNgDemo -->
