<?xml version="1.0" encoding="UTF-8"?>
<!-- Generated by org.testng.reporters.JUnitReportReporter -->
<testsuite hostname="DESKTOP-MHU0B0P" failures="0" tests="1" name="seleniumtests.Sum" time="0.020" errors="0" timestamp="2022-11-20T16:09:17 IST" skipped="0">
  <testcase classname="seleniumtests.Sum" name="add" time="0.020"/>
  <system-out/>
</testsuite> <!-- seleniumtests.Sum -->
