<?xml version="1.0" encoding="UTF-8"?>
<!-- Generated by org.testng.reporters.JUnitReportReporter -->
<testsuite hostname="DESKTOP-MHU0B0P" failures="0" tests="4" name="seleniumtests.Groups" time="0.029" errors="0" timestamp="2022-11-20T17:30:13 IST" skipped="0">
  <testcase classname="seleniumtests.Groups" name="testcase2" time="0.001"/>
  <system-out/>
  <testcase classname="seleniumtests.Groups" name="testcase2" time="0.003"/>
  <system-out/>
  <testcase classname="seleniumtests.Groups" name="testcase3" time="0.007"/>
  <system-out/>
  <testcase classname="seleniumtests.Groups" name="testcase1" time="0.018"/>
  <system-out/>
</testsuite> <!-- seleniumtests.Groups -->
