<?xml version="1.0" encoding="UTF-8"?>
<!-- Generated by org.testng.reporters.JUnitReportReporter -->
<testsuite hostname="DESKTOP-MHU0B0P" failures="0" tests="5" name="seleniumtests.TestNGPriorities" time="0.039" errors="0" timestamp="2022-11-19T23:27:15 IST" skipped="0">
  <testcase classname="seleniumtests.TestNGPriorities" name="d_method" time="0.019"/>
  <system-out/>
  <testcase classname="seleniumtests.TestNGPriorities" name="c_method" time="0.006"/>
  <system-out/>
  <testcase classname="seleniumtests.TestNGPriorities" name="a_method" time="0.005"/>
  <system-out/>
  <testcase classname="seleniumtests.TestNGPriorities" name="e_method" time="0.004"/>
  <system-out/>
  <testcase classname="seleniumtests.TestNGPriorities" name="b_method" time="0.005"/>
  <system-out/>
</testsuite> <!-- seleniumtests.TestNGPriorities -->
