<?xml version="1.0" encoding="UTF-8"?>
<!-- Generated by org.testng.reporters.JUnitReportReporter -->
<testsuite hostname="DESKTOP-MHU0B0P" failures="0" tests="1" name="seleniumtests.Opencart" time="40.024" errors="0" timestamp="2022-11-19T22:55:37 IST" skipped="0">
  <testcase classname="seleniumtests.Opencart" name="method1" time="40.024"/>
  <system-out/>
</testsuite> <!-- seleniumtests.Opencart -->
